c:\users\lmsd1\onedrive\문서\visual studio 2019\projects\xfit\wordcombination\x64\release\fadelabelbutton.obj
c:\users\lmsd1\onedrive\문서\visual studio 2019\projects\xfit\wordcombination\x64\release\place.obj
c:\users\lmsd1\onedrive\문서\visual studio 2019\projects\xfit\wordcombination\x64\release\visualtextbox.obj
c:\users\lmsd1\onedrive\문서\visual studio 2019\projects\xfit\wordcombination\x64\release\map.obj
c:\users\lmsd1\onedrive\문서\visual studio 2019\projects\xfit\wordcombination\x64\release\slider.obj
c:\users\lmsd1\onedrive\문서\visual studio 2019\projects\xfit\wordcombination\x64\release\option.obj
c:\users\lmsd1\onedrive\문서\visual studio 2019\projects\xfit\wordcombination\x64\release\placeevent.obj
c:\users\lmsd1\onedrive\문서\visual studio 2019\projects\xfit\wordcombination\x64\release\title.obj
c:\users\lmsd1\onedrive\문서\visual studio 2019\projects\xfit\wordcombination\x64\release\labellistbutton.obj
c:\users\lmsd1\onedrive\문서\visual studio 2019\projects\xfit\wordcombination\x64\release\labeltogglebutton.obj
c:\users\lmsd1\onedrive\문서\visual studio 2019\projects\xfit\wordcombination\x64\release\main.obj
c:\users\lmsd1\onedrive\문서\visual studio 2019\projects\xfit\wordcombination\x64\release\editbox.obj
c:\users\lmsd1\onedrive\문서\visual studio 2019\projects\xfit\wordcombination\x64\release\labelbutton.obj
c:\users\lmsd1\onedrive\문서\visual studio 2019\projects\xfit\wordcombination\x64\release\labelimage.obj
c:\users\lmsd1\onedrive\문서\visual studio 2019\projects\xfit\wordcombination\x64\release\sizelabel.obj
c:\users\lmsd1\onedrive\문서\visual studio 2019\projects\xfit\wordcombination\x64\release\vc142.pdb
c:\users\lmsd1\onedrive\문서\visual studio 2019\projects\xfit\x64\release\wordcombination.ipdb
c:\users\lmsd1\onedrive\문서\visual studio 2019\projects\xfit\x64\release\wordcombination.iobj
c:\users\lmsd1\onedrive\문서\visual studio 2019\projects\xfit\x64\release\wordcombination.pdb
c:\users\lmsd1\onedrive\문서\visual studio 2019\projects\xfit\wordcombination\x64\release\wordcombination.tlog\cl.command.1.tlog
c:\users\lmsd1\onedrive\문서\visual studio 2019\projects\xfit\wordcombination\x64\release\wordcombination.tlog\cl.read.1.tlog
c:\users\lmsd1\onedrive\문서\visual studio 2019\projects\xfit\wordcombination\x64\release\wordcombination.tlog\cl.write.1.tlog
c:\users\lmsd1\onedrive\문서\visual studio 2019\projects\xfit\wordcombination\x64\release\wordcombination.tlog\link.command.1.tlog
c:\users\lmsd1\onedrive\문서\visual studio 2019\projects\xfit\wordcombination\x64\release\wordcombination.tlog\link.delete.1.tlog
c:\users\lmsd1\onedrive\문서\visual studio 2019\projects\xfit\wordcombination\x64\release\wordcombination.tlog\link.read.1.tlog
c:\users\lmsd1\onedrive\문서\visual studio 2019\projects\xfit\wordcombination\x64\release\wordcombination.tlog\link.write.1.tlog
c:\users\lmsd1\onedrive\문서\visual studio 2019\projects\xfit\wordcombination\x64\release\wordcombination.tlog\wordcombination.write.1u.tlog
