  EditBox.cpp
C:\Users\lmsd1\OneDrive\문서\Visual Studio 2019\Projects\Xfit\Xfit\math\Point3Dw.h(35,14): warning C4244: 'return': 'double'에서 'unsigned int'(으)로 변환하면서 데이터가 손실될 수 있습니다.
C:\Users\lmsd1\OneDrive\문서\Visual Studio 2019\Projects\Xfit\Xfit\math\Point3Dw.h(118,23): warning C4244: '인수': 'double'에서 'int'(으)로 변환하면서 데이터가 손실될 수 있습니다.
C:\Users\lmsd1\OneDrive\문서\Visual Studio 2019\Projects\Xfit\Xfit\math\Point3Dw.h(182,45): warning C4100: 'point': 참조되지 않은 정식 매개 변수입니다.
C:\Users\lmsd1\OneDrive\문서\Visual Studio 2019\Projects\Xfit\Xfit\math\Point3Dw.h(198,40): warning C4100: 'point': 참조되지 않은 정식 매개 변수입니다.
C:\Users\lmsd1\OneDrive\문서\Visual Studio 2019\Projects\Xfit\Xfit\math\Point3Dw.h(225,1): warning C4458: 'a' 선언은 클래스 멤버를 숨깁니다.
C:\Users\lmsd1\OneDrive\문서\Visual Studio 2019\Projects\Xfit\Xfit\math\Point3Dw.h(207,16): message : 'Point3DwF::<unnamed-tag>::a' 선언을 참조하십시오.
C:\Users\lmsd1\OneDrive\문서\Visual Studio 2019\Projects\Xfit\Xfit\math\Point3Dw.h(225,1): warning C4458: 'b' 선언은 클래스 멤버를 숨깁니다.
C:\Users\lmsd1\OneDrive\문서\Visual Studio 2019\Projects\Xfit\Xfit\math\Point3Dw.h(207,14): message : 'Point3DwF::<unnamed-tag>::b' 선언을 참조하십시오.
C:\Users\lmsd1\OneDrive\문서\Visual Studio 2019\Projects\Xfit\Xfit\math\Point3Dw.h(229,1): warning C4458: 'a' 선언은 클래스 멤버를 숨깁니다.
C:\Users\lmsd1\OneDrive\문서\Visual Studio 2019\Projects\Xfit\Xfit\math\Point3Dw.h(207,16): message : 'Point3DwF::<unnamed-tag>::a' 선언을 참조하십시오.
C:\Users\lmsd1\OneDrive\문서\Visual Studio 2019\Projects\Xfit\Xfit\math\Point3Dw.h(229,1): warning C4458: 'b' 선언은 클래스 멤버를 숨깁니다.
C:\Users\lmsd1\OneDrive\문서\Visual Studio 2019\Projects\Xfit\Xfit\math\Point3Dw.h(207,14): message : 'Point3DwF::<unnamed-tag>::b' 선언을 참조하십시오.
C:\Users\lmsd1\OneDrive\문서\Visual Studio 2019\Projects\Xfit\Xfit\math\Point3Dw.h(452,41): warning C4100: '_z': 참조되지 않은 정식 매개 변수입니다.
C:\Users\lmsd1\OneDrive\문서\Visual Studio 2019\Projects\Xfit\Xfit\math\Rect.h(52,36): warning C4100: 'y': 참조되지 않은 정식 매개 변수입니다.
C:\Users\lmsd1\OneDrive\문서\Visual Studio 2019\Projects\Xfit\Xfit\math\Rect.h(140,1): warning C4244: '+=': 'float'에서 'int'(으)로 변환하면서 데이터가 손실될 수 있습니다.
C:\Users\lmsd1\OneDrive\문서\Visual Studio 2019\Projects\Xfit\Xfit\math\Rect.h(141,1): warning C4244: '+=': 'float'에서 'int'(으)로 변환하면서 데이터가 손실될 수 있습니다.
C:\Users\lmsd1\OneDrive\문서\Visual Studio 2019\Projects\Xfit\Xfit\math\Rect.h(142,1): warning C4244: '+=': 'float'에서 'int'(으)로 변환하면서 데이터가 손실될 수 있습니다.
C:\Users\lmsd1\OneDrive\문서\Visual Studio 2019\Projects\Xfit\Xfit\math\Rect.h(143,1): warning C4244: '+=': 'float'에서 'int'(으)로 변환하면서 데이터가 손실될 수 있습니다.
C:\Users\lmsd1\OneDrive\문서\Visual Studio 2019\Projects\Xfit\Xfit\math\Rect.h(147,1): warning C4244: '-=': 'float'에서 'int'(으)로 변환하면서 데이터가 손실될 수 있습니다.
C:\Users\lmsd1\OneDrive\문서\Visual Studio 2019\Projects\Xfit\Xfit\math\Rect.h(148,1): warning C4244: '+=': 'float'에서 'int'(으)로 변환하면서 데이터가 손실될 수 있습니다.
C:\Users\lmsd1\OneDrive\문서\Visual Studio 2019\Projects\Xfit\Xfit\math\Rect.h(149,1): warning C4244: '+=': 'float'에서 'int'(으)로 변환하면서 데이터가 손실될 수 있습니다.
C:\Users\lmsd1\OneDrive\문서\Visual Studio 2019\Projects\Xfit\Xfit\math\Rect.h(150,1): warning C4244: '-=': 'float'에서 'int'(으)로 변환하면서 데이터가 손실될 수 있습니다.
C:\Users\lmsd1\OneDrive\문서\Visual Studio 2019\Projects\Xfit\Xfit\math\Rect.h(156,1): warning C4244: '+=': 'float'에서 'int'(으)로 변환하면서 데이터가 손실될 수 있습니다.
C:\Users\lmsd1\OneDrive\문서\Visual Studio 2019\Projects\Xfit\Xfit\math\Rect.h(157,1): warning C4244: '-=': 'float'에서 'int'(으)로 변환하면서 데이터가 손실될 수 있습니다.
C:\Users\lmsd1\OneDrive\문서\Visual Studio 2019\Projects\Xfit\Xfit\math\Rect.h(158,1): warning C4244: '+=': 'float'에서 'int'(으)로 변환하면서 데이터가 손실될 수 있습니다.
C:\Users\lmsd1\OneDrive\문서\Visual Studio 2019\Projects\Xfit\Xfit\math\Rect.h(159,1): warning C4244: '-=': 'float'에서 'int'(으)로 변환하면서 데이터가 손실될 수 있습니다.
C:\Users\lmsd1\OneDrive\문서\Visual Studio 2019\Projects\Xfit\Xfit\math\Rect.h(153,35): warning C4100: 'y': 참조되지 않은 정식 매개 변수입니다.
C:\Users\lmsd1\OneDrive\문서\Visual Studio 2019\Projects\Xfit\WordCombination\EditBox.cpp(30,34): warning C4244: '=': 'float'에서 'unsigned int'(으)로 변환하면서 데이터가 손실될 수 있습니다.
C:\Users\lmsd1\OneDrive\문서\Visual Studio 2019\Projects\Xfit\WordCombination\EditBox.cpp(53,34): warning C4267: '초기화 중': 'size_t'에서 'unsigned int'(으)로 변환하면서 데이터가 손실될 수 있습니다.
C:\Users\lmsd1\OneDrive\문서\Visual Studio 2019\Projects\Xfit\WordCombination\EditBox.cpp(57,39): warning C4267: '+=': 'size_t'에서 'int'(으)로 변환하면서 데이터가 손실될 수 있습니다.
C:\Users\lmsd1\OneDrive\문서\Visual Studio 2019\Projects\Xfit\WordCombination\EditBox.cpp(58,51): warning C4267: '+=': 'size_t'에서 'unsigned int'(으)로 변환하면서 데이터가 손실될 수 있습니다.
C:\Users\lmsd1\OneDrive\문서\Visual Studio 2019\Projects\Xfit\WordCombination\EditBox.cpp(78,35): warning C4267: '초기화 중': 'size_t'에서 'unsigned int'(으)로 변환하면서 데이터가 손실될 수 있습니다.
C:\Users\lmsd1\OneDrive\문서\Visual Studio 2019\Projects\Xfit\WordCombination\EditBox.cpp(82,40): warning C4267: '+=': 'size_t'에서 'int'(으)로 변환하면서 데이터가 손실될 수 있습니다.
C:\Users\lmsd1\OneDrive\문서\Visual Studio 2019\Projects\Xfit\WordCombination\EditBox.cpp(83,52): warning C4267: '+=': 'size_t'에서 'unsigned int'(으)로 변환하면서 데이터가 손실될 수 있습니다.
C:\Users\lmsd1\OneDrive\문서\Visual Studio 2019\Projects\Xfit\WordCombination\EditBox.cpp(98,35): warning C4244: '=': 'float'에서 'unsigned int'(으)로 변환하면서 데이터가 손실될 수 있습니다.
C:\Users\lmsd1\OneDrive\문서\Visual Studio 2019\Projects\Xfit\WordCombination\EditBox.cpp(109,13): warning C4018: '<': signed 또는 unsigned가 일치하지 않습니다.
C:\Users\lmsd1\OneDrive\문서\Visual Studio 2019\Projects\Xfit\WordCombination\EditBox.cpp(133,18): warning C4018: '<=': signed 또는 unsigned가 일치하지 않습니다.
C:\Users\lmsd1\OneDrive\문서\Visual Studio 2019\Projects\Xfit\WordCombination\EditBox.cpp(150,10): warning C4018: '<=': signed 또는 unsigned가 일치하지 않습니다.
C:\Users\lmsd1\OneDrive\문서\Visual Studio 2019\Projects\Xfit\WordCombination\EditBox.cpp(204,19): warning C4267: '=': 'size_t'에서 'int'(으)로 변환하면서 데이터가 손실될 수 있습니다.
C:\Users\lmsd1\OneDrive\문서\Visual Studio 2019\Projects\Xfit\WordCombination\EditBox.cpp(210,25): warning C4267: '=': 'size_t'에서 'int'(으)로 변환하면서 데이터가 손실될 수 있습니다.
C:\Users\lmsd1\OneDrive\문서\Visual Studio 2019\Projects\Xfit\WordCombination\EditBox.cpp(219,22): warning C4267: '=': 'size_t'에서 'int'(으)로 변환하면서 데이터가 손실될 수 있습니다.
C:\Users\lmsd1\OneDrive\문서\Visual Studio 2019\Projects\Xfit\WordCombination\EditBox.cpp(226,21): warning C4267: '=': 'size_t'에서 'int'(으)로 변환하면서 데이터가 손실될 수 있습니다.
C:\Users\lmsd1\OneDrive\문서\Visual Studio 2019\Projects\Xfit\WordCombination\EditBox.cpp(229,25): warning C4267: '=': 'size_t'에서 'int'(으)로 변환하면서 데이터가 손실될 수 있습니다.
C:\Users\lmsd1\OneDrive\문서\Visual Studio 2019\Projects\Xfit\WordCombination\EditBox.cpp(206,13): warning C4189: 'j': 지역 변수가 초기화되었으나 참조되지 않았습니다.
C:\Users\lmsd1\OneDrive\문서\Visual Studio 2019\Projects\Xfit\WordCombination\EditBox.cpp(266,35): warning C4244: '=': 'float'에서 'unsigned int'(으)로 변환하면서 데이터가 손실될 수 있습니다.
C:\Users\lmsd1\OneDrive\문서\Visual Studio 2019\Projects\Xfit\WordCombination\EditBox.cpp(274,12): warning C4018: '<': signed 또는 unsigned가 일치하지 않습니다.
C:\Users\lmsd1\OneDrive\문서\Visual Studio 2019\Projects\Xfit\WordCombination\EditBox.cpp(290,35): warning C4244: '=': 'float'에서 'unsigned int'(으)로 변환하면서 데이터가 손실될 수 있습니다.
C:\Users\lmsd1\OneDrive\문서\Visual Studio 2019\Projects\Xfit\WordCombination\EditBox.cpp(298,12): warning C4018: '<': signed 또는 unsigned가 일치하지 않습니다.
C:\Users\lmsd1\OneDrive\문서\Visual Studio 2019\Projects\Xfit\WordCombination\EditBox.cpp(320,11): warning C4018: '<': signed 또는 unsigned가 일치하지 않습니다.
LINK : warning LNK4098: 'LIBCMT' defaultlib가 다른 라이브러리와 충돌합니다. /NODEFAULTLIB:library를 사용하십시오.
  코드를 생성하고 있습니다.
  209 of 2385 functions ( 8.8%) were compiled, the rest were copied from previous compilation.
    0 functions were new in current compilation
    73 functions had inline decision re-evaluated but remain unchanged
  코드를 생성했습니다.
  WordCombination.vcxproj -> C:\Users\lmsd1\OneDrive\문서\Visual Studio 2019\Projects\Xfit\x64\Release\WordCombination.exe
