c:\users\lmsd1\onedrive\문서\visual studio 2019\projects\xfit\wordcombination\x64\debug\option.obj
c:\users\lmsd1\onedrive\문서\visual studio 2019\projects\xfit\wordcombination\x64\debug\labellistbutton.obj
c:\users\lmsd1\onedrive\문서\visual studio 2019\projects\xfit\wordcombination\x64\debug\sizelabel.obj
c:\users\lmsd1\onedrive\문서\visual studio 2019\projects\xfit\wordcombination\x64\debug\map.obj
c:\users\lmsd1\onedrive\문서\visual studio 2019\projects\xfit\wordcombination\x64\debug\main.obj
c:\users\lmsd1\onedrive\문서\visual studio 2019\projects\xfit\wordcombination\x64\debug\fadelabelbutton.obj
c:\users\lmsd1\onedrive\문서\visual studio 2019\projects\xfit\wordcombination\x64\debug\place.obj
c:\users\lmsd1\onedrive\문서\visual studio 2019\projects\xfit\wordcombination\x64\debug\visualtextbox.obj
c:\users\lmsd1\onedrive\문서\visual studio 2019\projects\xfit\wordcombination\x64\debug\placeevent.obj
c:\users\lmsd1\onedrive\문서\visual studio 2019\projects\xfit\wordcombination\x64\debug\title.obj
c:\users\lmsd1\onedrive\문서\visual studio 2019\projects\xfit\wordcombination\x64\debug\slider.obj
c:\users\lmsd1\onedrive\문서\visual studio 2019\projects\xfit\wordcombination\x64\debug\labeltogglebutton.obj
c:\users\lmsd1\onedrive\문서\visual studio 2019\projects\xfit\wordcombination\x64\debug\labelbutton.obj
c:\users\lmsd1\onedrive\문서\visual studio 2019\projects\xfit\wordcombination\x64\debug\labelimage.obj
c:\users\lmsd1\onedrive\문서\visual studio 2019\projects\xfit\wordcombination\x64\debug\vc142.pdb
c:\users\lmsd1\onedrive\문서\visual studio 2019\projects\xfit\wordcombination\x64\debug\editbox.obj
c:\users\lmsd1\onedrive\문서\visual studio 2019\projects\xfit\wordcombination\x64\debug\vc142.idb
c:\users\lmsd1\onedrive\문서\visual studio 2019\projects\xfit\x64\debug\wordcombination.exe
c:\users\lmsd1\onedrive\문서\visual studio 2019\projects\xfit\x64\debug\wordcombination.ilk
c:\users\lmsd1\onedrive\문서\visual studio 2019\projects\xfit\x64\debug\wordcombination.pdb
c:\users\lmsd1\onedrive\문서\visual studio 2019\projects\xfit\wordcombination\x64\debug\wordcombination.tlog\cl.command.1.tlog
c:\users\lmsd1\onedrive\문서\visual studio 2019\projects\xfit\wordcombination\x64\debug\wordcombination.tlog\cl.read.1.tlog
c:\users\lmsd1\onedrive\문서\visual studio 2019\projects\xfit\wordcombination\x64\debug\wordcombination.tlog\cl.write.1.tlog
c:\users\lmsd1\onedrive\문서\visual studio 2019\projects\xfit\wordcombination\x64\debug\wordcombination.tlog\link.command.1.tlog
c:\users\lmsd1\onedrive\문서\visual studio 2019\projects\xfit\wordcombination\x64\debug\wordcombination.tlog\link.read.1.tlog
c:\users\lmsd1\onedrive\문서\visual studio 2019\projects\xfit\wordcombination\x64\debug\wordcombination.tlog\link.write.1.tlog
